{
  "RSpec": {
    "coverage": {
      "C:/Users/susci/Documents/GitHub/Ruby/zad2/lib/szyfrowanie.rb": [
        1,
        23,
        23,
        274,
        143,
        null,
        116,
        null,
        15,
        null,
        274,
        null,
        18,
        null,
        null,
        1,
        12,
        12,
        115,
        6,
        null,
        109,
        null,
        null,
        11,
        null,
        null,
        1,
        6,
        5,
        null,
        null,
        1,
        10,
        7,
        null,
        null,
        1,
        11,
        11,
        11,
        11,
        49,
        27,
        27,
        27,
        null,
        11,
        null,
        null,
        1,
        3,
        3,
        3,
        null
      ]
    },
    "timestamp": 1448490258
  }
}
