{
  "RSpec": {
    "coverage": {
      "C:/Users/susci/Desktop/zad2/lib/szyfrowanie.rb": [
        1,
        22,
        22,
        254,
        131,
        null,
        109,
        null,
        14,
        null,
        254,
        null,
        17,
        null,
        null,
        1,
        11,
        11,
        113,
        6,
        null,
        107,
        null,
        null,
        10,
        null,
        null,
        1,
        6,
        5,
        null,
        null,
        1,
        10,
        7,
        null,
        null,
        1,
        10,
        10,
        10,
        10,
        43,
        23,
        23,
        23,
        null,
        10,
        null,
        null,
        1,
        3,
        3,
        3,
        null,
        1,
        1,
        1,
        1
      ]
    },
    "timestamp": 1448485856
  }
}
